	 Miniconda3
2025-04-07 19:09:37.554739: I external/local_tsl/tsl/cuda/cudart_stub.cc:31] Could not find cuda drivers on your machine, GPU will not be used.
2025-04-07 19:09:37.613793: E external/local_xla/xla/stream_executor/cuda/cuda_dnn.cc:9261] Unable to register cuDNN factory: Attempting to register factory for plugin cuDNN when one has already been registered
2025-04-07 19:09:37.613899: E external/local_xla/xla/stream_executor/cuda/cuda_fft.cc:607] Unable to register cuFFT factory: Attempting to register factory for plugin cuFFT when one has already been registered
2025-04-07 19:09:37.615352: E external/local_xla/xla/stream_executor/cuda/cuda_blas.cc:1515] Unable to register cuBLAS factory: Attempting to register factory for plugin cuBLAS when one has already been registered
2025-04-07 19:09:37.625322: I external/local_tsl/tsl/cuda/cudart_stub.cc:31] Could not find cuda drivers on your machine, GPU will not be used.
2025-04-07 19:09:37.625634: I tensorflow/core/platform/cpu_feature_guard.cc:182] This TensorFlow binary is optimized to use available CPU instructions in performance-critical operations.
To enable the following instructions: AVX2 FMA, in other operations, rebuild TensorFlow with the appropriate compiler flags.
2025-04-07 19:09:39.276723: W tensorflow/compiler/tf2tensorrt/utils/py_utils.cc:38] TF-TRT Warning: Could not find TensorRT
                                                ruta       etiqueta
0  /LUSTRE/home/rn_lcc_11/share/birds/train/GREAT...  GREAT TINAMOU
1  /LUSTRE/home/rn_lcc_11/share/birds/train/GREAT...  GREAT TINAMOU
2  /LUSTRE/home/rn_lcc_11/share/birds/train/GREAT...  GREAT TINAMOU
3  /LUSTRE/home/rn_lcc_11/share/birds/train/GREAT...  GREAT TINAMOU
4  /LUSTRE/home/rn_lcc_11/share/birds/train/GREAT...  GREAT TINAMOU
Found 67708 validated image filenames belonging to 525 classes.
Found 16927 validated image filenames belonging to 525 classes.
Model: "model"
__________________________________________________________________________________________________
 Layer (type)                Output Shape                 Param #   Connected to                  
==================================================================================================
 input_1 (InputLayer)        [(None, 224, 224, 3)]        0         []                            
                                                                                                  
 Conv1 (Conv2D)              (None, 112, 112, 32)         864       ['input_1[0][0]']             
                                                                                                  
 bn_Conv1 (BatchNormalizati  (None, 112, 112, 32)         128       ['Conv1[0][0]']               
 on)                                                                                              
                                                                                                  
 Conv1_relu (ReLU)           (None, 112, 112, 32)         0         ['bn_Conv1[0][0]']            
                                                                                                  
 expanded_conv_depthwise (D  (None, 112, 112, 32)         288       ['Conv1_relu[0][0]']          
 epthwiseConv2D)                                                                                  
                                                                                                  
 expanded_conv_depthwise_BN  (None, 112, 112, 32)         128       ['expanded_conv_depthwise[0][0
  (BatchNormalization)                                              ]']                           
                                                                                                  
 expanded_conv_depthwise_re  (None, 112, 112, 32)         0         ['expanded_conv_depthwise_BN[0
 lu (ReLU)                                                          ][0]']                        
                                                                                                  
 expanded_conv_project (Con  (None, 112, 112, 16)         512       ['expanded_conv_depthwise_relu
 v2D)                                                               [0][0]']                      
                                                                                                  
 expanded_conv_project_BN (  (None, 112, 112, 16)         64        ['expanded_conv_project[0][0]'
 BatchNormalization)                                                ]                             
                                                                                                  
 block_1_expand (Conv2D)     (None, 112, 112, 96)         1536      ['expanded_conv_project_BN[0][
                                                                    0]']                          
                                                                                                  
 block_1_expand_BN (BatchNo  (None, 112, 112, 96)         384       ['block_1_expand[0][0]']      
 rmalization)                                                                                     
                                                                                                  
 block_1_expand_relu (ReLU)  (None, 112, 112, 96)         0         ['block_1_expand_BN[0][0]']   
                                                                                                  
 block_1_pad (ZeroPadding2D  (None, 113, 113, 96)         0         ['block_1_expand_relu[0][0]'] 
 )                                                                                                
                                                                                                  
 block_1_depthwise (Depthwi  (None, 56, 56, 96)           864       ['block_1_pad[0][0]']         
 seConv2D)                                                                                        
                                                                                                  
 block_1_depthwise_BN (Batc  (None, 56, 56, 96)           384       ['block_1_depthwise[0][0]']   
 hNormalization)                                                                                  
                                                                                                  
 block_1_depthwise_relu (Re  (None, 56, 56, 96)           0         ['block_1_depthwise_BN[0][0]']
 LU)                                                                                              
                                                                                                  
 block_1_project (Conv2D)    (None, 56, 56, 24)           2304      ['block_1_depthwise_relu[0][0]
                                                                    ']                            
                                                                                                  
 block_1_project_BN (BatchN  (None, 56, 56, 24)           96        ['block_1_project[0][0]']     
 ormalization)                                                                                    
                                                                                                  
 block_2_expand (Conv2D)     (None, 56, 56, 144)          3456      ['block_1_project_BN[0][0]']  
                                                                                                  
 block_2_expand_BN (BatchNo  (None, 56, 56, 144)          576       ['block_2_expand[0][0]']      
 rmalization)                                                                                     
                                                                                                  
 block_2_expand_relu (ReLU)  (None, 56, 56, 144)          0         ['block_2_expand_BN[0][0]']   
                                                                                                  
 block_2_depthwise (Depthwi  (None, 56, 56, 144)          1296      ['block_2_expand_relu[0][0]'] 
 seConv2D)                                                                                        
                                                                                                  
 block_2_depthwise_BN (Batc  (None, 56, 56, 144)          576       ['block_2_depthwise[0][0]']   
 hNormalization)                                                                                  
                                                                                                  
 block_2_depthwise_relu (Re  (None, 56, 56, 144)          0         ['block_2_depthwise_BN[0][0]']
 LU)                                                                                              
                                                                                                  
 block_2_project (Conv2D)    (None, 56, 56, 24)           3456      ['block_2_depthwise_relu[0][0]
                                                                    ']                            
                                                                                                  
 block_2_project_BN (BatchN  (None, 56, 56, 24)           96        ['block_2_project[0][0]']     
 ormalization)                                                                                    
                                                                                                  
 block_2_add (Add)           (None, 56, 56, 24)           0         ['block_1_project_BN[0][0]',  
                                                                     'block_2_project_BN[0][0]']  
                                                                                                  
 block_3_expand (Conv2D)     (None, 56, 56, 144)          3456      ['block_2_add[0][0]']         
                                                                                                  
 block_3_expand_BN (BatchNo  (None, 56, 56, 144)          576       ['block_3_expand[0][0]']      
 rmalization)                                                                                     
                                                                                                  
 block_3_expand_relu (ReLU)  (None, 56, 56, 144)          0         ['block_3_expand_BN[0][0]']   
                                                                                                  
 block_3_pad (ZeroPadding2D  (None, 57, 57, 144)          0         ['block_3_expand_relu[0][0]'] 
 )                                                                                                
                                                                                                  
 block_3_depthwise (Depthwi  (None, 28, 28, 144)          1296      ['block_3_pad[0][0]']         
 seConv2D)                                                                                        
                                                                                                  
 block_3_depthwise_BN (Batc  (None, 28, 28, 144)          576       ['block_3_depthwise[0][0]']   
 hNormalization)                                                                                  
                                                                                                  
 block_3_depthwise_relu (Re  (None, 28, 28, 144)          0         ['block_3_depthwise_BN[0][0]']
 LU)                                                                                              
                                                                                                  
 block_3_project (Conv2D)    (None, 28, 28, 32)           4608      ['block_3_depthwise_relu[0][0]
                                                                    ']                            
                                                                                                  
 block_3_project_BN (BatchN  (None, 28, 28, 32)           128       ['block_3_project[0][0]']     
 ormalization)                                                                                    
                                                                                                  
 block_4_expand (Conv2D)     (None, 28, 28, 192)          6144      ['block_3_project_BN[0][0]']  
                                                                                                  
 block_4_expand_BN (BatchNo  (None, 28, 28, 192)          768       ['block_4_expand[0][0]']      
 rmalization)                                                                                     
                                                                                                  
 block_4_expand_relu (ReLU)  (None, 28, 28, 192)          0         ['block_4_expand_BN[0][0]']   
                                                                                                  
 block_4_depthwise (Depthwi  (None, 28, 28, 192)          1728      ['block_4_expand_relu[0][0]'] 
 seConv2D)                                                                                        
                                                                                                  
 block_4_depthwise_BN (Batc  (None, 28, 28, 192)          768       ['block_4_depthwise[0][0]']   
 hNormalization)                                                                                  
                                                                                                  
 block_4_depthwise_relu (Re  (None, 28, 28, 192)          0         ['block_4_depthwise_BN[0][0]']
 LU)                                                                                              
                                                                                                  
 block_4_project (Conv2D)    (None, 28, 28, 32)           6144      ['block_4_depthwise_relu[0][0]
                                                                    ']                            
                                                                                                  
 block_4_project_BN (BatchN  (None, 28, 28, 32)           128       ['block_4_project[0][0]']     
 ormalization)                                                                                    
                                                                                                  
 block_4_add (Add)           (None, 28, 28, 32)           0         ['block_3_project_BN[0][0]',  
                                                                     'block_4_project_BN[0][0]']  
                                                                                                  
 block_5_expand (Conv2D)     (None, 28, 28, 192)          6144      ['block_4_add[0][0]']         
                                                                                                  
 block_5_expand_BN (BatchNo  (None, 28, 28, 192)          768       ['block_5_expand[0][0]']      
 rmalization)                                                                                     
                                                                                                  
 block_5_expand_relu (ReLU)  (None, 28, 28, 192)          0         ['block_5_expand_BN[0][0]']   
                                                                                                  
 block_5_depthwise (Depthwi  (None, 28, 28, 192)          1728      ['block_5_expand_relu[0][0]'] 
 seConv2D)                                                                                        
                                                                                                  
 block_5_depthwise_BN (Batc  (None, 28, 28, 192)          768       ['block_5_depthwise[0][0]']   
 hNormalization)                                                                                  
                                                                                                  
 block_5_depthwise_relu (Re  (None, 28, 28, 192)          0         ['block_5_depthwise_BN[0][0]']
 LU)                                                                                              
                                                                                                  
 block_5_project (Conv2D)    (None, 28, 28, 32)           6144      ['block_5_depthwise_relu[0][0]
                                                                    ']                            
                                                                                                  
 block_5_project_BN (BatchN  (None, 28, 28, 32)           128       ['block_5_project[0][0]']     
 ormalization)                                                                                    
                                                                                                  
 block_5_add (Add)           (None, 28, 28, 32)           0         ['block_4_add[0][0]',         
                                                                     'block_5_project_BN[0][0]']  
                                                                                                  
 block_6_expand (Conv2D)     (None, 28, 28, 192)          6144      ['block_5_add[0][0]']         
                                                                                                  
 block_6_expand_BN (BatchNo  (None, 28, 28, 192)          768       ['block_6_expand[0][0]']      
 rmalization)                                                                                     
                                                                                                  
 block_6_expand_relu (ReLU)  (None, 28, 28, 192)          0         ['block_6_expand_BN[0][0]']   
                                                                                                  
 block_6_pad (ZeroPadding2D  (None, 29, 29, 192)          0         ['block_6_expand_relu[0][0]'] 
 )                                                                                                
                                                                                                  
 block_6_depthwise (Depthwi  (None, 14, 14, 192)          1728      ['block_6_pad[0][0]']         
 seConv2D)                                                                                        
                                                                                                  
 block_6_depthwise_BN (Batc  (None, 14, 14, 192)          768       ['block_6_depthwise[0][0]']   
 hNormalization)                                                                                  
                                                                                                  
 block_6_depthwise_relu (Re  (None, 14, 14, 192)          0         ['block_6_depthwise_BN[0][0]']
 LU)                                                                                              
                                                                                                  
 block_6_project (Conv2D)    (None, 14, 14, 64)           12288     ['block_6_depthwise_relu[0][0]
                                                                    ']                            
                                                                                                  
 block_6_project_BN (BatchN  (None, 14, 14, 64)           256       ['block_6_project[0][0]']     
 ormalization)                                                                                    
                                                                                                  
 block_7_expand (Conv2D)     (None, 14, 14, 384)          24576     ['block_6_project_BN[0][0]']  
                                                                                                  
 block_7_expand_BN (BatchNo  (None, 14, 14, 384)          1536      ['block_7_expand[0][0]']      
 rmalization)                                                                                     
                                                                                                  
 block_7_expand_relu (ReLU)  (None, 14, 14, 384)          0         ['block_7_expand_BN[0][0]']   
                                                                                                  
 block_7_depthwise (Depthwi  (None, 14, 14, 384)          3456      ['block_7_expand_relu[0][0]'] 
 seConv2D)                                                                                        
                                                                                                  
 block_7_depthwise_BN (Batc  (None, 14, 14, 384)          1536      ['block_7_depthwise[0][0]']   
 hNormalization)                                                                                  
                                                                                                  
 block_7_depthwise_relu (Re  (None, 14, 14, 384)          0         ['block_7_depthwise_BN[0][0]']
 LU)                                                                                              
                                                                                                  
 block_7_project (Conv2D)    (None, 14, 14, 64)           24576     ['block_7_depthwise_relu[0][0]
                                                                    ']                            
                                                                                                  
 block_7_project_BN (BatchN  (None, 14, 14, 64)           256       ['block_7_project[0][0]']     
 ormalization)                                                                                    
                                                                                                  
 block_7_add (Add)           (None, 14, 14, 64)           0         ['block_6_project_BN[0][0]',  
                                                                     'block_7_project_BN[0][0]']  
                                                                                                  
 block_8_expand (Conv2D)     (None, 14, 14, 384)          24576     ['block_7_add[0][0]']         
                                                                                                  
 block_8_expand_BN (BatchNo  (None, 14, 14, 384)          1536      ['block_8_expand[0][0]']      
 rmalization)                                                                                     
                                                                                                  
 block_8_expand_relu (ReLU)  (None, 14, 14, 384)          0         ['block_8_expand_BN[0][0]']   
                                                                                                  
 block_8_depthwise (Depthwi  (None, 14, 14, 384)          3456      ['block_8_expand_relu[0][0]'] 
 seConv2D)                                                                                        
                                                                                                  
 block_8_depthwise_BN (Batc  (None, 14, 14, 384)          1536      ['block_8_depthwise[0][0]']   
 hNormalization)                                                                                  
                                                                                                  
 block_8_depthwise_relu (Re  (None, 14, 14, 384)          0         ['block_8_depthwise_BN[0][0]']
 LU)                                                                                              
                                                                                                  
 block_8_project (Conv2D)    (None, 14, 14, 64)           24576     ['block_8_depthwise_relu[0][0]
                                                                    ']                            
                                                                                                  
 block_8_project_BN (BatchN  (None, 14, 14, 64)           256       ['block_8_project[0][0]']     
 ormalization)                                                                                    
                                                                                                  
 block_8_add (Add)           (None, 14, 14, 64)           0         ['block_7_add[0][0]',         
                                                                     'block_8_project_BN[0][0]']  
                                                                                                  
 block_9_expand (Conv2D)     (None, 14, 14, 384)          24576     ['block_8_add[0][0]']         
                                                                                                  
 block_9_expand_BN (BatchNo  (None, 14, 14, 384)          1536      ['block_9_expand[0][0]']      
 rmalization)                                                                                     
                                                                                                  
 block_9_expand_relu (ReLU)  (None, 14, 14, 384)          0         ['block_9_expand_BN[0][0]']   
                                                                                                  
 block_9_depthwise (Depthwi  (None, 14, 14, 384)          3456      ['block_9_expand_relu[0][0]'] 
 seConv2D)                                                                                        
                                                                                                  
 block_9_depthwise_BN (Batc  (None, 14, 14, 384)          1536      ['block_9_depthwise[0][0]']   
 hNormalization)                                                                                  
                                                                                                  
 block_9_depthwise_relu (Re  (None, 14, 14, 384)          0         ['block_9_depthwise_BN[0][0]']
 LU)                                                                                              
                                                                                                  
 block_9_project (Conv2D)    (None, 14, 14, 64)           24576     ['block_9_depthwise_relu[0][0]
                                                                    ']                            
                                                                                                  
 block_9_project_BN (BatchN  (None, 14, 14, 64)           256       ['block_9_project[0][0]']     
 ormalization)                                                                                    
                                                                                                  
 block_9_add (Add)           (None, 14, 14, 64)           0         ['block_8_add[0][0]',         
                                                                     'block_9_project_BN[0][0]']  
                                                                                                  
 block_10_expand (Conv2D)    (None, 14, 14, 384)          24576     ['block_9_add[0][0]']         
                                                                                                  
 block_10_expand_BN (BatchN  (None, 14, 14, 384)          1536      ['block_10_expand[0][0]']     
 ormalization)                                                                                    
                                                                                                  
 block_10_expand_relu (ReLU  (None, 14, 14, 384)          0         ['block_10_expand_BN[0][0]']  
 )                                                                                                
                                                                                                  
 block_10_depthwise (Depthw  (None, 14, 14, 384)          3456      ['block_10_expand_relu[0][0]']
 iseConv2D)                                                                                       
                                                                                                  
 block_10_depthwise_BN (Bat  (None, 14, 14, 384)          1536      ['block_10_depthwise[0][0]']  
 chNormalization)                                                                                 
                                                                                                  
 block_10_depthwise_relu (R  (None, 14, 14, 384)          0         ['block_10_depthwise_BN[0][0]'
 eLU)                                                               ]                             
                                                                                                  
 block_10_project (Conv2D)   (None, 14, 14, 96)           36864     ['block_10_depthwise_relu[0][0
                                                                    ]']                           
                                                                                                  
 block_10_project_BN (Batch  (None, 14, 14, 96)           384       ['block_10_project[0][0]']    
 Normalization)                                                                                   
                                                                                                  
 block_11_expand (Conv2D)    (None, 14, 14, 576)          55296     ['block_10_project_BN[0][0]'] 
                                                                                                  
 block_11_expand_BN (BatchN  (None, 14, 14, 576)          2304      ['block_11_expand[0][0]']     
 ormalization)                                                                                    
                                                                                                  
 block_11_expand_relu (ReLU  (None, 14, 14, 576)          0         ['block_11_expand_BN[0][0]']  
 )                                                                                                
                                                                                                  
 block_11_depthwise (Depthw  (None, 14, 14, 576)          5184      ['block_11_expand_relu[0][0]']
 iseConv2D)                                                                                       
                                                                                                  
 block_11_depthwise_BN (Bat  (None, 14, 14, 576)          2304      ['block_11_depthwise[0][0]']  
 chNormalization)                                                                                 
                                                                                                  
 block_11_depthwise_relu (R  (None, 14, 14, 576)          0         ['block_11_depthwise_BN[0][0]'
 eLU)                                                               ]                             
                                                                                                  
 block_11_project (Conv2D)   (None, 14, 14, 96)           55296     ['block_11_depthwise_relu[0][0
                                                                    ]']                           
                                                                                                  
 block_11_project_BN (Batch  (None, 14, 14, 96)           384       ['block_11_project[0][0]']    
 Normalization)                                                                                   
                                                                                                  
 block_11_add (Add)          (None, 14, 14, 96)           0         ['block_10_project_BN[0][0]', 
                                                                     'block_11_project_BN[0][0]'] 
                                                                                                  
 block_12_expand (Conv2D)    (None, 14, 14, 576)          55296     ['block_11_add[0][0]']        
                                                                                                  
 block_12_expand_BN (BatchN  (None, 14, 14, 576)          2304      ['block_12_expand[0][0]']     
 ormalization)                                                                                    
                                                                                                  
 block_12_expand_relu (ReLU  (None, 14, 14, 576)          0         ['block_12_expand_BN[0][0]']  
 )                                                                                                
                                                                                                  
 block_12_depthwise (Depthw  (None, 14, 14, 576)          5184      ['block_12_expand_relu[0][0]']
 iseConv2D)                                                                                       
                                                                                                  
 block_12_depthwise_BN (Bat  (None, 14, 14, 576)          2304      ['block_12_depthwise[0][0]']  
 chNormalization)                                                                                 
                                                                                                  
 block_12_depthwise_relu (R  (None, 14, 14, 576)          0         ['block_12_depthwise_BN[0][0]'
 eLU)                                                               ]                             
                                                                                                  
 block_12_project (Conv2D)   (None, 14, 14, 96)           55296     ['block_12_depthwise_relu[0][0
                                                                    ]']                           
                                                                                                  
 block_12_project_BN (Batch  (None, 14, 14, 96)           384       ['block_12_project[0][0]']    
 Normalization)                                                                                   
                                                                                                  
 block_12_add (Add)          (None, 14, 14, 96)           0         ['block_11_add[0][0]',        
                                                                     'block_12_project_BN[0][0]'] 
                                                                                                  
 block_13_expand (Conv2D)    (None, 14, 14, 576)          55296     ['block_12_add[0][0]']        
                                                                                                  
 block_13_expand_BN (BatchN  (None, 14, 14, 576)          2304      ['block_13_expand[0][0]']     
 ormalization)                                                                                    
                                                                                                  
 block_13_expand_relu (ReLU  (None, 14, 14, 576)          0         ['block_13_expand_BN[0][0]']  
 )                                                                                                
                                                                                                  
 block_13_pad (ZeroPadding2  (None, 15, 15, 576)          0         ['block_13_expand_relu[0][0]']
 D)                                                                                               
                                                                                                  
 block_13_depthwise (Depthw  (None, 7, 7, 576)            5184      ['block_13_pad[0][0]']        
 iseConv2D)                                                                                       
                                                                                                  
 block_13_depthwise_BN (Bat  (None, 7, 7, 576)            2304      ['block_13_depthwise[0][0]']  
 chNormalization)                                                                                 
                                                                                                  
 block_13_depthwise_relu (R  (None, 7, 7, 576)            0         ['block_13_depthwise_BN[0][0]'
 eLU)                                                               ]                             
                                                                                                  
 block_13_project (Conv2D)   (None, 7, 7, 160)            92160     ['block_13_depthwise_relu[0][0
                                                                    ]']                           
                                                                                                  
 block_13_project_BN (Batch  (None, 7, 7, 160)            640       ['block_13_project[0][0]']    
 Normalization)                                                                                   
                                                                                                  
 block_14_expand (Conv2D)    (None, 7, 7, 960)            153600    ['block_13_project_BN[0][0]'] 
                                                                                                  
 block_14_expand_BN (BatchN  (None, 7, 7, 960)            3840      ['block_14_expand[0][0]']     
 ormalization)                                                                                    
                                                                                                  
 block_14_expand_relu (ReLU  (None, 7, 7, 960)            0         ['block_14_expand_BN[0][0]']  
 )                                                                                                
                                                                                                  
 block_14_depthwise (Depthw  (None, 7, 7, 960)            8640      ['block_14_expand_relu[0][0]']
 iseConv2D)                                                                                       
                                                                                                  
 block_14_depthwise_BN (Bat  (None, 7, 7, 960)            3840      ['block_14_depthwise[0][0]']  
 chNormalization)                                                                                 
                                                                                                  
 block_14_depthwise_relu (R  (None, 7, 7, 960)            0         ['block_14_depthwise_BN[0][0]'
 eLU)                                                               ]                             
                                                                                                  
 block_14_project (Conv2D)   (None, 7, 7, 160)            153600    ['block_14_depthwise_relu[0][0
                                                                    ]']                           
                                                                                                  
 block_14_project_BN (Batch  (None, 7, 7, 160)            640       ['block_14_project[0][0]']    
 Normalization)                                                                                   
                                                                                                  
 block_14_add (Add)          (None, 7, 7, 160)            0         ['block_13_project_BN[0][0]', 
                                                                     'block_14_project_BN[0][0]'] 
                                                                                                  
 block_15_expand (Conv2D)    (None, 7, 7, 960)            153600    ['block_14_add[0][0]']        
                                                                                                  
 block_15_expand_BN (BatchN  (None, 7, 7, 960)            3840      ['block_15_expand[0][0]']     
 ormalization)                                                                                    
                                                                                                  
 block_15_expand_relu (ReLU  (None, 7, 7, 960)            0         ['block_15_expand_BN[0][0]']  
 )                                                                                                
                                                                                                  
 block_15_depthwise (Depthw  (None, 7, 7, 960)            8640      ['block_15_expand_relu[0][0]']
 iseConv2D)                                                                                       
                                                                                                  
 block_15_depthwise_BN (Bat  (None, 7, 7, 960)            3840      ['block_15_depthwise[0][0]']  
 chNormalization)                                                                                 
                                                                                                  
 block_15_depthwise_relu (R  (None, 7, 7, 960)            0         ['block_15_depthwise_BN[0][0]'
 eLU)                                                               ]                             
                                                                                                  
 block_15_project (Conv2D)   (None, 7, 7, 160)            153600    ['block_15_depthwise_relu[0][0
                                                                    ]']                           
                                                                                                  
 block_15_project_BN (Batch  (None, 7, 7, 160)            640       ['block_15_project[0][0]']    
 Normalization)                                                                                   
                                                                                                  
 block_15_add (Add)          (None, 7, 7, 160)            0         ['block_14_add[0][0]',        
                                                                     'block_15_project_BN[0][0]'] 
                                                                                                  
 block_16_expand (Conv2D)    (None, 7, 7, 960)            153600    ['block_15_add[0][0]']        
                                                                                                  
 block_16_expand_BN (BatchN  (None, 7, 7, 960)            3840      ['block_16_expand[0][0]']     
 ormalization)                                                                                    
                                                                                                  
 block_16_expand_relu (ReLU  (None, 7, 7, 960)            0         ['block_16_expand_BN[0][0]']  
 )                                                                                                
                                                                                                  
 block_16_depthwise (Depthw  (None, 7, 7, 960)            8640      ['block_16_expand_relu[0][0]']
 iseConv2D)                                                                                       
                                                                                                  
 block_16_depthwise_BN (Bat  (None, 7, 7, 960)            3840      ['block_16_depthwise[0][0]']  
 chNormalization)                                                                                 
                                                                                                  
 block_16_depthwise_relu (R  (None, 7, 7, 960)            0         ['block_16_depthwise_BN[0][0]'
 eLU)                                                               ]                             
                                                                                                  
 block_16_project (Conv2D)   (None, 7, 7, 320)            307200    ['block_16_depthwise_relu[0][0
                                                                    ]']                           
                                                                                                  
 block_16_project_BN (Batch  (None, 7, 7, 320)            1280      ['block_16_project[0][0]']    
 Normalization)                                                                                   
                                                                                                  
 Conv_1 (Conv2D)             (None, 7, 7, 1280)           409600    ['block_16_project_BN[0][0]'] 
                                                                                                  
 Conv_1_bn (BatchNormalizat  (None, 7, 7, 1280)           5120      ['Conv_1[0][0]']              
 ion)                                                                                             
                                                                                                  
 out_relu (ReLU)             (None, 7, 7, 1280)           0         ['Conv_1_bn[0][0]']           
                                                                                                  
 global_average_pooling2d (  (None, 1280)                 0         ['out_relu[0][0]']            
 GlobalAveragePooling2D)                                                                          
                                                                                                  
 dense (Dense)               (None, 256)                  327936    ['global_average_pooling2d[0][
                                                                    0]']                          
                                                                                                  
 dropout (Dropout)           (None, 256)                  0         ['dense[0][0]']               
                                                                                                  
 dense_1 (Dense)             (None, 525)                  134925    ['dropout[0][0]']             
                                                                                                  
==================================================================================================
Total params: 2720845 (10.38 MB)
Trainable params: 462861 (1.77 MB)
Non-trainable params: 2257984 (8.61 MB)
__________________________________________________________________________________________________
Epoch 1/20
   1/2116 [..............................] - ETA: 4:57:38 - loss: 6.6256 - accuracy: 0.0000e+00   2/2116 [..............................] - ETA: 24:27 - loss: 6.4136 - accuracy: 0.0000e+00     3/2116 [..............................] - ETA: 31:57 - loss: 6.4392 - accuracy: 0.0000e+00   4/2116 [..............................] - ETA: 44:46 - loss: 6.4489 - accuracy: 0.0000e+00   5/2116 [..............................] - ETA: 47:20 - loss: 6.4787 - accuracy: 0.0000e+00   6/2116 [..............................] - ETA: 50:11 - loss: 6.5282 - accuracy: 0.0000e+00   7/2116 [..............................] - ETA: 51:50 - loss: 6.5383 - accuracy: 0.0000e+00   8/2116 [..............................] - ETA: 53:10 - loss: 6.5630 - accuracy: 0.0000e+00   9/2116 [..............................] - ETA: 53:26 - loss: 6.5199 - accuracy: 0.0000e+00  10/2116 [..............................] - ETA: 54:03 - loss: 6.5441 - accuracy: 0.0000e+00  11/2116 [..............................] - ETA: 55:41 - loss: 6.5379 - accuracy: 0.0028      12/2116 [..............................] - ETA: 56:28 - loss: 6.5256 - accuracy: 0.0026  13/2116 [..............................] - ETA: 56:44 - loss: 6.5121 - accuracy: 0.0024  14/2116 [..............................] - ETA: 57:01 - loss: 6.4951 - accuracy: 0.0022  15/2116 [..............................] - ETA: 57:22 - loss: 6.4850 - accuracy: 0.0021  16/2116 [..............................] - ETA: 57:10 - loss: 6.4852 - accuracy: 0.0020  17/2116 [..............................] - ETA: 57:06 - loss: 6.4616 - accuracy: 0.0018  18/2116 [..............................] - ETA: 57:11 - loss: 6.4537 - accuracy: 0.0017  19/2116 [..............................] - ETA: 57:06 - loss: 6.4443 - accuracy: 0.0016  20/2116 [..............................] - ETA: 57:24 - loss: 6.4343 - accuracy: 0.0016  21/2116 [..............................] - ETA: 57:29 - loss: 6.4276 - accuracy: 0.0015  22/2116 [..............................] - ETA: 57:48 - loss: 6.4183 - accuracy: 0.0014  23/2116 [..............................] - ETA: 57:56 - loss: 6.4187 - accuracy: 0.0014  24/2116 [..............................] - ETA: 57:52 - loss: 6.4129 - accuracy: 0.0013  25/2116 [..............................] - ETA: 58:18 - loss: 6.4099 - accuracy: 0.0012  26/2116 [..............................] - ETA: 58:15 - loss: 6.4145 - accuracy: 0.0012  27/2116 [..............................] - ETA: 58:01 - loss: 6.4118 - accuracy: 0.0012  28/2116 [..............................] - ETA: 58:07 - loss: 6.4056 - accuracy: 0.0022  29/2116 [..............................] - ETA: 58:07 - loss: 6.3967 - accuracy: 0.0022  30/2116 [..............................] - ETA: 58:20 - loss: 6.3915 - accuracy: 0.0021  31/2116 [..............................] - ETA: 58:23 - loss: 6.3855 - accuracy: 0.0030  32/2116 [..............................] - ETA: 58:33 - loss: 6.3821 - accuracy: 0.0039  33/2116 [..............................] - ETA: 58:47 - loss: 6.3796 - accuracy: 0.0038  34/2116 [..............................] - ETA: 58:57 - loss: 6.3744 - accuracy: 0.0037  35/2116 [..............................] - ETA: 59:04 - loss: 6.3729 - accuracy: 0.0036  36/2116 [..............................] - ETA: 59:00 - loss: 6.3704 - accuracy: 0.0035  37/2116 [..............................] - ETA: 59:01 - loss: 6.3679 - accuracy: 0.0034  38/2116 [..............................] - ETA: 59:06 - loss: 6.3613 - accuracy: 0.0041  39/2116 [..............................] - ETA: 59:10 - loss: 6.3552 - accuracy: 0.0048  40/2116 [..............................] - ETA: 59:14 - loss: 6.3499 - accuracy: 0.0055  41/2116 [..............................] - ETA: 59:17 - loss: 6.3488 - accuracy: 0.0053  42/2116 [..............................] - ETA: 59:23 - loss: 6.3466 - accuracy: 0.0052  43/2116 [..............................] - ETA: 59:24 - loss: 6.3440 - accuracy: 0.0051  44/2116 [..............................] - ETA: 59:27 - loss: 6.3407 - accuracy: 0.0057  45/2116 [..............................] - ETA: 59:32 - loss: 6.3373 - accuracy: 0.0056  46/2116 [..............................] - ETA: 59:37 - loss: 6.3343 - accuracy: 0.0054  47/2116 [..............................] - ETA: 59:31 - loss: 6.3327 - accuracy: 0.0053  48/2116 [..............................] - ETA: 59:31 - loss: 6.3318 - accuracy: 0.0059  49/2116 [..............................] - ETA: 59:35 - loss: 6.3317 - accuracy: 0.0057  50/2116 [..............................] - ETA: 59:35 - loss: 6.3302 - accuracy: 0.0056  51/2116 [..............................] - ETA: 59:33 - loss: 6.3287 - accuracy: 0.0055  52/2116 [..............................] - ETA: 59:29 - loss: 6.3259 - accuracy: 0.0060  53/2116 [..............................] - ETA: 59:23 - loss: 6.3247 - accuracy: 0.0059  54/2116 [..............................] - ETA: 59:30 - loss: 6.3213 - accuracy: 0.0058  55/2116 [..............................] - ETA: 59:27 - loss: 6.3201 - accuracy: 0.0063  56/2116 [..............................] - ETA: 59:25 - loss: 6.3184 - accuracy: 0.0061  57/2116 [..............................] - ETA: 59:19 - loss: 6.3162 - accuracy: 0.0060  58/2116 [..............................] - ETA: 59:27 - loss: 6.3157 - accuracy: 0.0059  59/2116 [..............................] - ETA: 59:18 - loss: 6.3136 - accuracy: 0.0064  60/2116 [..............................] - ETA: 59:14 - loss: 6.3124 - accuracy: 0.0063  61/2116 [..............................] - ETA: 59:10 - loss: 6.3100 - accuracy: 0.0061  62/2116 [..............................] - ETA: 59:07 - loss: 6.3086 - accuracy: 0.0060  63/2116 [..............................] - ETA: 59:01 - loss: 6.3078 - accuracy: 0.0060  64/2116 [..............................] - ETA: 58:55 - loss: 6.3050 - accuracy: 0.0059  65/2116 [..............................] - ETA: 58:45 - loss: 6.3021 - accuracy: 0.0063  66/2116 [..............................] - ETA: 58:45 - loss: 6.3005 - accuracy: 0.0062  67/2116 [..............................] - ETA: 58:39 - loss: 6.2977 - accuracy: 0.0070  68/2116 [..............................] - ETA: 58:34 - loss: 6.2956 - accuracy: 0.0069  69/2116 [..............................] - ETA: 58:32 - loss: 6.2948 - accuracy: 0.0068  70/2116 [..............................] - ETA: 58:26 - loss: 6.2921 - accuracy: 0.0067  71/2116 [>.............................] - ETA: 58:25 - loss: 6.2906 - accuracy: 0.0066  72/2116 [>.............................] - ETA: 58:17 - loss: 6.2892 - accuracy: 0.0065  73/2116 [>.............................] - ETA: 58:12 - loss: 6.2872 - accuracy: 0.0064  74/2116 [>.............................] - ETA: 58:07 - loss: 6.2871 - accuracy: 0.0063  75/2116 [>.............................] - ETA: 58:13 - loss: 6.2860 - accuracy: 0.0063  76/2116 [>.............................] - ETA: 58:11 - loss: 6.2843 - accuracy: 0.0062  77/2116 [>.............................] - ETA: 58:06 - loss: 6.2819 - accuracy: 0.0061  78/2116 [>.............................] - ETA: 58:02 - loss: 6.2805 - accuracy: 0.0064  79/2116 [>.............................] - ETA: 58:00 - loss: 6.2788 - accuracy: 0.0063  80/2116 [>.............................] - ETA: 57:52 - loss: 6.2787 - accuracy: 0.0063  81/2116 [>.............................] - ETA: 58:03 - loss: 6.2767 - accuracy: 0.0062  82/2116 [>.............................] - ETA: 58:05 - loss: 6.2743 - accuracy: 0.0065  83/2116 [>.............................] - ETA: 58:05 - loss: 6.2725 - accuracy: 0.0064  84/2116 [>.............................] - ETA: 58:05 - loss: 6.2705 - accuracy: 0.0063  85/2116 [>.............................] - ETA: 58:07 - loss: 6.2687 - accuracy: 0.0063  86/2116 [>.............................] - ETA: 58:11 - loss: 6.2648 - accuracy: 0.0069  87/2116 [>.............................] - ETA: 58:14 - loss: 6.2645 - accuracy: 0.0068  88/2116 [>.............................] - ETA: 58:18 - loss: 6.2643 - accuracy: 0.0067  89/2116 [>.............................] - ETA: 58:21 - loss: 6.2632 - accuracy: 0.0067  90/2116 [>.............................] - ETA: 58:20 - loss: 6.2623 - accuracy: 0.0066  91/2116 [>.............................] - ETA: 58:18 - loss: 6.2613 - accuracy: 0.0065  92/2116 [>.............................] - ETA: 58:16 - loss: 6.2604 - accuracy: 0.0065  93/2116 [>.............................] - ETA: 58:16 - loss: 6.2591 - accuracy: 0.0064  94/2116 [>.............................] - ETA: 58:17 - loss: 6.2569 - accuracy: 0.0063  95/2116 [>.............................] - ETA: 58:19 - loss: 6.2560 - accuracy: 0.0063  96/2116 [>.............................] - ETA: 58:20 - loss: 6.2553 - accuracy: 0.0062  97/2116 [>.............................] - ETA: 58:24 - loss: 6.2539 - accuracy: 0.0061  98/2116 [>.............................] - ETA: 58:23 - loss: 6.2513 - accuracy: 0.0064  99/2116 [>.............................] - ETA: 58:24 - loss: 6.2503 - accuracy: 0.0063 100/2116 [>.............................] - ETA: 58:26 - loss: 6.2477 - accuracy: 0.0063 101/2116 [>.............................] - ETA: 58:26 - loss: 6.2462 - accuracy: 0.0062 102/2116 [>.............................] - ETA: 58:29 - loss: 6.2428 - accuracy: 0.0064 103/2116 [>.............................] - ETA: 58:30 - loss: 6.2408 - accuracy: 0.0064 104/2116 [>.............................] - ETA: 58:34 - loss: 6.2379 - accuracy: 0.0069 105/2116 [>.............................] - ETA: 58:30 - loss: 6.2345 - accuracy: 0.0068 106/2116 [>.............................] - ETA: 58:37 - loss: 6.2339 - accuracy: 0.0068 107/2116 [>.............................] - ETA: 58:33 - loss: 6.2318 - accuracy: 0.0067 108/2116 [>.............................] - ETA: 58:34 - loss: 6.2304 - accuracy: 0.0067 109/2116 [>.............................] - ETA: 58:37 - loss: 6.2288 - accuracy: 0.0066 110/2116 [>.............................] - ETA: 58:34 - loss: 6.2282 - accuracy: 0.0065 111/2116 [>.............................] - ETA: 58:27 - loss: 6.2252 - accuracy: 0.0068 112/2116 [>.............................] - ETA: 58:26 - loss: 6.2226 - accuracy: 0.0073 113/2116 [>.............................] - ETA: 58:26 - loss: 6.2206 - accuracy: 0.0072 114/2116 [>.............................] - ETA: 58:25 - loss: 6.2188 - accuracy: 0.0071 115/2116 [>.............................] - ETA: 58:26 - loss: 6.2158 - accuracy: 0.0071 116/2116 [>.............................] - ETA: 58:24 - loss: 6.2139 - accuracy: 0.0070 117/2116 [>.............................] - ETA: 58:22 - loss: 6.2122 - accuracy: 0.0072 118/2116 [>.............................] - ETA: 58:21 - loss: 6.2094 - accuracy: 0.0074 119/2116 [>.............................] - ETA: 58:21 - loss: 6.2107 - accuracy: 0.0074 120/2116 [>.............................] - ETA: 58:24 - loss: 6.2083 - accuracy: 0.0078 121/2116 [>.............................] - ETA: 58:25 - loss: 6.2049 - accuracy: 0.0085 122/2116 [>.............................] - ETA: 58:26 - loss: 6.2026 - accuracy: 0.0087 123/2116 [>.............................] - ETA: 58:23 - loss: 6.1994 - accuracy: 0.0091 124/2116 [>.............................] - ETA: 58:23 - loss: 6.1977 - accuracy: 0.0091 125/2116 [>.............................] - ETA: 58:28 - loss: 6.1939 - accuracy: 0.0090 126/2116 [>.............................] - ETA: 58:28 - loss: 6.1903 - accuracy: 0.0092 127/2116 [>.............................] - ETA: 58:28 - loss: 6.1864 - accuracy: 0.0096 128/2116 [>.............................] - ETA: 58:26 - loss: 6.1829 - accuracy: 0.0100 129/2116 [>.............................] - ETA: 58:25 - loss: 6.1822 - accuracy: 0.0099 130/2116 [>.............................] - ETA: 58:23 - loss: 6.1807 - accuracy: 0.0101 131/2116 [>.............................] - ETA: 58:22 - loss: 6.1785 - accuracy: 0.0103 132/2116 [>.............................] - ETA: 58:18 - loss: 6.1763 - accuracy: 0.0107 133/2116 [>.............................] - ETA: 58:15 - loss: 6.1747 - accuracy: 0.0106 134/2116 [>.............................] - ETA: 58:14 - loss: 6.1732 - accuracy: 0.0105 135/2116 [>.............................] - ETA: 58:13 - loss: 6.1701 - accuracy: 0.0104 136/2116 [>.............................] - ETA: 58:15 - loss: 6.1688 - accuracy: 0.0103 137/2116 [>.............................] - ETA: 58:14 - loss: 6.1680 - accuracy: 0.0103 138/2116 [>.............................] - ETA: 58:12 - loss: 6.1675 - accuracy: 0.0106 139/2116 [>.............................] - ETA: 58:10 - loss: 6.1655 - accuracy: 0.0106 140/2116 [>.............................] - ETA: 58:09 - loss: 6.1658 - accuracy: 0.0105 141/2116 [>.............................] - ETA: 58:08 - loss: 6.1644 - accuracy: 0.0104 142/2116 [=>............................] - ETA: 58:05 - loss: 6.1599 - accuracy: 0.0106 143/2116 [=>............................] - ETA: 58:00 - loss: 6.1570 - accuracy: 0.0107 144/2116 [=>............................] - ETA: 58:01 - loss: 6.1563 - accuracy: 0.0106 145/2116 [=>............................] - ETA: 57:59 - loss: 6.1527 - accuracy: 0.0108 146/2116 [=>............................] - ETA: 57:56 - loss: 6.1513 - accuracy: 0.0107 147/2116 [=>............................] - ETA: 57:55 - loss: 6.1481 - accuracy: 0.0108 148/2116 [=>............................] - ETA: 57:52 - loss: 6.1451 - accuracy: 0.0108 149/2116 [=>............................] - ETA: 57:47 - loss: 6.1431 - accuracy: 0.0109 150/2116 [=>............................] - ETA: 57:44 - loss: 6.1412 - accuracy: 0.0110 151/2116 [=>............................] - ETA: 57:41 - loss: 6.1390 - accuracy: 0.0112 152/2116 [=>............................] - ETA: 57:39 - loss: 6.1384 - accuracy: 0.0111 153/2116 [=>............................] - ETA: 57:36 - loss: 6.1381 - accuracy: 0.0112 154/2116 [=>............................] - ETA: 57:35 - loss: 6.1369 - accuracy: 0.0112 155/2116 [=>............................] - ETA: 57:35 - loss: 6.1345 - accuracy: 0.0115 156/2116 [=>............................] - ETA: 57:31 - loss: 6.1331 - accuracy: 0.0114 157/2116 [=>............................] - ETA: 57:28 - loss: 6.1292 - accuracy: 0.0115 158/2116 [=>............................] - ETA: 57:28 - loss: 6.1268 - accuracy: 0.0121 159/2116 [=>............................] - ETA: 57:26 - loss: 6.1255 - accuracy: 0.0120 160/2116 [=>............................] - ETA: 57:22 - loss: 6.1257 - accuracy: 0.0119 161/2116 [=>............................] - ETA: 57:21 - loss: 6.1241 - accuracy: 0.0118 162/2116 [=>............................] - ETA: 57:19 - loss: 6.1221 - accuracy: 0.0123 163/2116 [=>............................] - ETA: 57:18 - loss: 6.1201 - accuracy: 0.0123 164/2116 [=>............................] - ETA: 57:17 - loss: 6.1171 - accuracy: 0.0124 165/2116 [=>............................] - ETA: 57:15 - loss: 6.1151 - accuracy: 0.0125 166/2116 [=>............................] - ETA: 57:14 - loss: 6.1117 - accuracy: 0.0126 167/2116 [=>............................] - ETA: 57:12 - loss: 6.1093 - accuracy: 0.0127 168/2116 [=>............................] - ETA: 57:10 - loss: 6.1074 - accuracy: 0.0126 169/2116 [=>............................] - ETA: 57:11 - loss: 6.1058 - accuracy: 0.0126 170/2116 [=>............................] - ETA: 57:10 - loss: 6.1034 - accuracy: 0.0127 171/2116 [=>............................] - ETA: 57:09 - loss: 6.1002 - accuracy: 0.0128 172/2116 [=>............................] - ETA: 57:08 - loss: 6.0949 - accuracy: 0.0131 173/2116 [=>............................] - ETA: 57:07 - loss: 6.0897 - accuracy: 0.0134 174/2116 [=>............................] - ETA: 57:06 - loss: 6.0871 - accuracy: 0.0133 175/2116 [=>............................] - ETA: 57:07 - loss: 6.0844 - accuracy: 0.0134 176/2116 [=>............................] - ETA: 57:06 - loss: 6.0818 - accuracy: 0.0138 177/2116 [=>............................] - ETA: 57:04 - loss: 6.0794 - accuracy: 0.0139 178/2116 [=>............................] - ETA: 57:05 - loss: 6.0773 - accuracy: 0.0139 179/2116 [=>............................] - ETA: 57:05 - loss: 6.0749 - accuracy: 0.0143 180/2116 [=>............................] - ETA: 57:02 - loss: 6.0721 - accuracy: 0.0144 181/2116 [=>............................] - ETA: 57:01 - loss: 6.0687 - accuracy: 0.0147 182/2116 [=>............................] - ETA: 56:58 - loss: 6.0660 - accuracy: 0.0148 183/2116 [=>............................] - ETA: 56:58 - loss: 6.0645 - accuracy: 0.0147 184/2116 [=>............................] - ETA: 56:55 - loss: 6.0622 - accuracy: 0.0146 185/2116 [=>............................] - ETA: 56:54 - loss: 6.0611 - accuracy: 0.0145 186/2116 [=>............................] - ETA: 56:51 - loss: 6.0581 - accuracy: 0.0148 187/2116 [=>............................] - ETA: 56:50 - loss: 6.0555 - accuracy: 0.0150 188/2116 [=>............................] - ETA: 56:49 - loss: 6.0515 - accuracy: 0.0153 189/2116 [=>............................] - ETA: 56:48 - loss: 6.0492 - accuracy: 0.0157 190/2116 [=>............................] - ETA: 56:46 - loss: 6.0473 - accuracy: 0.0158 191/2116 [=>............................] - ETA: 56:46 - loss: 6.0423 - accuracy: 0.0160 192/2116 [=>............................] - ETA: 56:45 - loss: 6.0395 - accuracy: 0.0163 193/2116 [=>............................] - ETA: 56:45 - loss: 6.0365 - accuracy: 0.0164 194/2116 [=>............................] - ETA: 56:44 - loss: 6.0341 - accuracy: 0.0164 195/2116 [=>............................] - ETA: 56:45 - loss: 6.0319 - accuracy: 0.0163 196/2116 [=>............................] - ETA: 56:42 - loss: 6.0287 - accuracy: 0.0164 197/2116 [=>............................] - ETA: 56:39 - loss: 6.0254 - accuracy: 0.0168 198/2116 [=>............................] - ETA: 56:37 - loss: 6.0232 - accuracy: 0.0167 199/2116 [=>............................] - ETA: 56:35 - loss: 6.0209 - accuracy: 0.0170 200/2116 [=>............................] - ETA: 56:33 - loss: 6.0188 - accuracy: 0.0170 201/2116 [=>............................] - ETA: 56:30 - loss: 6.0155 - accuracy: 0.0176 202/2116 [=>............................] - ETA: 56:29 - loss: 6.0136 - accuracy: 0.0179 203/2116 [=>............................] - ETA: 56:28 - loss: 6.0099 - accuracy: 0.0182 204/2116 [=>............................] - ETA: 56:27 - loss: 6.0079 - accuracy: 0.0184 205/2116 [=>............................] - ETA: 56:25 - loss: 6.0053 - accuracy: 0.0188 206/2116 [=>............................] - ETA: 56:24 - loss: 6.0026 - accuracy: 0.0188 207/2116 [=>............................] - ETA: 56:19 - loss: 5.9994 - accuracy: 0.0189 208/2116 [=>............................] - ETA: 56:18 - loss: 5.9973 - accuracy: 0.0189 209/2116 [=>............................] - ETA: 56:15 - loss: 5.9953 - accuracy: 0.0190 210/2116 [=>............................] - ETA: 56:13 - loss: 5.9921 - accuracy: 0.0190 211/2116 [=>............................] - ETA: 56:11 - loss: 5.9899 - accuracy: 0.0190 212/2116 [==>...........................] - ETA: 56:09 - loss: 5.9861 - accuracy: 0.0193 213/2116 [==>...........................] - ETA: 56:10 - loss: 5.9837 - accuracy: 0.0194 214/2116 [==>...........................] - ETA: 56:08 - loss: 5.9791 - accuracy: 0.0197 215/2116 [==>...........................] - ETA: 56:07 - loss: 5.9754 - accuracy: 0.0201 216/2116 [==>...........................] - ETA: 56:08 - loss: 5.9697 - accuracy: 0.0208 217/2116 [==>...........................] - ETA: 56:04 - loss: 5.9664 - accuracy: 0.0210 218/2116 [==>...........................] - ETA: 56:01 - loss: 5.9629 - accuracy: 0.0211 219/2116 [==>...........................] - ETA: 55:59 - loss: 5.9603 - accuracy: 0.0210 220/2116 [==>...........................] - ETA: 55:55 - loss: 5.9590 - accuracy: 0.0209 221/2116 [==>...........................] - ETA: 55:52 - loss: 5.9569 - accuracy: 0.0211 222/2116 [==>...........................] - ETA: 55:48 - loss: 5.9528 - accuracy: 0.0211 223/2116 [==>...........................] - ETA: 55:44 - loss: 5.9495 - accuracy: 0.0212 224/2116 [==>...........................] - ETA: 55:42 - loss: 5.9481 - accuracy: 0.0211 225/2116 [==>...........................] - ETA: 55:39 - loss: 5.9457 - accuracy: 0.0210 226/2116 [==>...........................] - ETA: 55:42 - loss: 5.9432 - accuracy: 0.0210 227/2116 [==>...........................] - ETA: 55:40 - loss: 5.9387 - accuracy: 0.0213 228/2116 [==>...........................] - ETA: 55:38 - loss: 5.9357 - accuracy: 0.0214 229/2116 [==>...........................] - ETA: 55:35 - loss: 5.9315 - accuracy: 0.0216 230/2116 [==>...........................] - ETA: 55:32 - loss: 5.9275 - accuracy: 0.0221 231/2116 [==>...........................] - ETA: 55:28 - loss: 5.9243 - accuracy: 0.0222 232/2116 [==>...........................] - ETA: 55:25 - loss: 5.9213 - accuracy: 0.0224 233/2116 [==>...........................] - ETA: 55:22 - loss: 5.9181 - accuracy: 0.0225 234/2116 [==>...........................] - ETA: 55:19 - loss: 5.9149 - accuracy: 0.0224 235/2116 [==>...........................] - ETA: 55:17 - loss: 5.9103 - accuracy: 0.0229 236/2116 [==>...........................] - ETA: 55:14 - loss: 5.9075 - accuracy: 0.0229 237/2116 [==>...........................] - ETA: 55:12 - loss: 5.9049 - accuracy: 0.0229 238/2116 [==>...........................] - ETA: 55:09 - loss: 5.9008 - accuracy: 0.0232 239/2116 [==>...........................] - ETA: 55:06 - loss: 5.8973 - accuracy: 0.0233 240/2116 [==>...........................] - ETA: 55:04 - loss: 5.8933 - accuracy: 0.0237 241/2116 [==>...........................] - ETA: 55:01 - loss: 5.8893 - accuracy: 0.0240 242/2116 [==>...........................] - ETA: 54:57 - loss: 5.8858 - accuracy: 0.0241 243/2116 [==>...........................] - ETA: 54:55 - loss: 5.8829 - accuracy: 0.0242 244/2116 [==>...........................] - ETA: 54:54 - loss: 5.8805 - accuracy: 0.0242 245/2116 [==>...........................] - ETA: 54:58 - loss: 5.8760 - accuracy: 0.0244 246/2116 [==>...........................] - ETA: 54:56 - loss: 5.8739 - accuracy: 0.0243 247/2116 [==>...........................] - ETA: 54:53 - loss: 5.8701 - accuracy: 0.0244 248/2116 [==>...........................] - ETA: 54:50 - loss: 5.8655 - accuracy: 0.0247 249/2116 [==>...........................] - ETA: 54:47 - loss: 5.8633 - accuracy: 0.0246 250/2116 [==>...........................] - ETA: 54:45 - loss: 5.8609 - accuracy: 0.0247 251/2116 [==>...........................] - ETA: 54:42 - loss: 5.8557 - accuracy: 0.0253 252/2116 [==>...........................] - ETA: 54:40 - loss: 5.8510 - accuracy: 0.0254 253/2116 [==>...........................] - ETA: 54:52 - loss: 5.8485 - accuracy: 0.0254 254/2116 [==>...........................] - ETA: 54:51 - loss: 5.8472 - accuracy: 0.0255 255/2116 [==>...........................] - ETA: 54:50 - loss: 5.8456 - accuracy: 0.0257 256/2116 [==>...........................] - ETA: 54:47 - loss: 5.8422 - accuracy: 0.0258 257/2116 [==>...........................] - ETA: 54:45 - loss: 5.8387 - accuracy: 0.0258 258/2116 [==>...........................] - ETA: 54:43 - loss: 5.8333 - accuracy: 0.0259 259/2116 [==>...........................] - ETA: 54:41 - loss: 5.8327 - accuracy: 0.0258 260/2116 [==>...........................] - ETA: 54:40 - loss: 5.8291 - accuracy: 0.0258 261/2116 [==>...........................] - ETA: 54:37 - loss: 5.8251 - accuracy: 0.0261 262/2116 [==>...........................] - ETA: 54:35 - loss: 5.8228 - accuracy: 0.0261 263/2116 [==>...........................] - ETA: 54:34 - loss: 5.8193 - accuracy: 0.0260 264/2116 [==>...........................] - ETA: 54:31 - loss: 5.8162 - accuracy: 0.0265 265/2116 [==>...........................] - ETA: 54:29 - loss: 5.8110 - accuracy: 0.0269 266/2116 [==>...........................] - ETA: 54:27 - loss: 5.8087 - accuracy: 0.0270 267/2116 [==>...........................] - ETA: 54:25 - loss: 5.8056 - accuracy: 0.0272 268/2116 [==>...........................] - ETA: 54:23 - loss: 5.8050 - accuracy: 0.0273 269/2116 [==>...........................] - ETA: 54:21 - loss: 5.8014 - accuracy: 0.0274 270/2116 [==>...........................] - ETA: 54:20 - loss: 5.7964 - accuracy: 0.0278 271/2116 [==>...........................] - ETA: 54:17 - loss: 5.7930 - accuracy: 0.0280 272/2116 [==>...........................] - ETA: 54:16 - loss: 5.7900 - accuracy: 0.0283 273/2116 [==>...........................] - ETA: 54:14 - loss: 5.7859 - accuracy: 0.0283 274/2116 [==>...........................] - ETA: 54:13 - loss: 5.7831 - accuracy: 0.0287 275/2116 [==>...........................] - ETA: 54:10 - loss: 5.7784 - accuracy: 0.0291 276/2116 [==>...........................] - ETA: 54:10 - loss: 5.7739 - accuracy: 0.0292 277/2116 [==>...........................] - ETA: 54:08 - loss: 5.7703 - accuracy: 0.0294 278/2116 [==>...........................] - ETA: 54:07 - loss: 5.7669 - accuracy: 0.0297 279/2116 [==>...........................] - ETA: 54:04 - loss: 5.7638 - accuracy: 0.0300 280/2116 [==>...........................] - ETA: 54:03 - loss: 5.7601 - accuracy: 0.0301 281/2116 [==>...........................] - ETA: 54:01 - loss: 5.7559 - accuracy: 0.0306 282/2116 [==>...........................] - ETA: 54:00 - loss: 5.7529 - accuracy: 0.0308 283/2116 [===>..........................] - ETA: 54:03 - loss: 5.7490 - accuracy: 0.0311 284/2116 [===>..........................] - ETA: 54:09 - loss: 5.7448 - accuracy: 0.0316 285/2116 [===>..........................] - ETA: 54:06 - loss: 5.7419 - accuracy: 0.0320 286/2116 [===>..........................] - ETA: 54:03 - loss: 5.7390 - accuracy: 0.0321 287/2116 [===>..........................] - ETA: 54:02 - loss: 5.7357 - accuracy: 0.0323 288/2116 [===>..........................] - ETA: 54:04 - loss: 5.7327 - accuracy: 0.0326